Agent Aika (1997)	[It's top secret.]
Black Scorpion II: Aftershock (1997)	[It's top secret.]
Lost World: Jurassic Park, The (1997)	[It's top secret.]
Spawn (1997)	[It's top secret.]
Postman, The (1997)	[It's top secret.]
Drive (1997)	[It's top secret.]
Fifth Element, The (1997)	[It's top secret.]
Honey, We Shrunk Ourselves (1997)	[It's top secret.]
Batman & Robin (1997)	[It's top secret.]
DNA (1997)	[It's top secret.]
Future War (1997)	[It's top secret.]
Nirvana (1997)	[It's top secret.]
Starship Troopers (1997)	[It's top secret.]
Time Under Fire (1997)	[It's top secret.]
Total Reality (1997)	[It's top secret.]
Back in Business (1997)	[It's top secret.]
Kull the Conqueror (1997)	[It's top secret.]
The Dukes of Hazzard: Reunion! (1997)	[It's top secret.]
Firestorm (1997)	[It's top secret.]
Anaconda (1997)	[It's top secret.]
Con Air (1997)	[It's top secret.]
Tomorrow Never Dies (1997)	[It's top secret.]
Vanishing Point (1997)	[It's top secret.]
Mortal Kombat: Annihilation (1997)	[It's top secret.]
Deathline (1997)	[It's top secret.]
Against The Law (1997)	[It's top secret.]
Neon Genesis Evangelion: The End of Evangelion (Shin seiki Evangelion Gekijô-ban: Air/Magokoro wo, kimi ni) (1997)	[It's top secret.]
Princess Mononoke (Mononoke-hime) (1997)	[It's top secret.]
Into Thin Air: Death on Everest (1997)	[It's top secret.]
Warriors of Virtue (1997)	[It's top secret.]
Crossworlds (1997)	[It's top secret.]
Men in Black (a.k.a. MIB) (1997)	[It's top secret.]
Austin Powers: International Man of Mystery (1997)	[It's top secret.]
Big City Blues (1997)	[It's top secret.]
Executive Target (1997)	[It's top secret.]
Turbo: A Power Rangers Movie (1997)	[It's top secret.]
Saint, The (1997)	[It's top secret.]
Nothing to Lose (1997)	[It's top secret.]
Sharpe's Revenge (1997)	[It's top secret.]
Blast (1997)	[It's top secret.]
Border (1997)	[It's top secret.]
Daud (1997)	[It's top secret.]
Double Team (1997)	[It's top secret.]
Night Vision (1997)	[It's top secret.]
Operation Cobra (1997)	[It's top secret.]
Peacekeeper, The (1997)	[It's top secret.]
Steel (1997)	[It's top secret.]
T.N.T. (1997)	[It's top secret.]
Alien: Resurrection (1997)	[It's top secret.]
Once Upon a Time in China and America (Wong Fei Hung: Chi sai wik hung see) (1997) 	[It's top secret.]
Air Force One (1997)	[It's top secret.]
Assignment, The (1997)	[It's top secret.]
Behind Enemy Lines (1997)	[It's top secret.]
Bloodmoon (1997)	[It's top secret.]
Breakdown (1997)	[It's top secret.]
Dante's Peak (1997)	[It's top secret.]
Demolition University (1997)	[It's top secret.]
Jackal, The (1997)	[It's top secret.]
Most Wanted (1997)	[It's top secret.]
Operation Delta Force (1997)	[It's top secret.]
Operation Delta Force 2: Mayday (1997)	[It's top secret.]
Pressure Point (1997)	[It's top secret.]
Shizofreniya (1997)	[It's top secret.]
Stag (1997)	[It's top secret.]
Turbulence (1997)	[It's top secret.]
Under Oath (1997)	[It's top secret.]
Rebirth of Mothra II (1997)	[It's top secret.]
Devil's Own, The (1997)	[It's top secret.]
Fire Down Below (1997)	[It's top secret.]
Midnight Man (1997)	[It's top secret.]
Volcano (1997)	[It's top secret.]
Star Kid (1997)	[It's top secret.]
Masterminds (1997)	[It's top secret.]
Aaram Thamburan (1997)	[It's top secret.]
Beat (1997)	[It's top secret.]
G.I. Jane (1997)	[It's top secret.]
Heaven's Burning (1997)	[It's top secret.]
Mad City (1997)	[It's top secret.]
Men with Guns (1997)	[It's top secret.]
Rosewood (1997)	[It's top secret.]
Jungle de Ikou (Jungre de Ikou) (1997)	[It's top secret.]
Metro (1997)	[It's top secret.]
Cop Land (1997)	[It's top secret.]
Face/Off (1997)	[It's top secret.]
Treasure of the Hidden Planet (1997)	[It's top secret.]
Arunachalam (1997)	[It's top secret.]
Mean Guns (1997)	[It's top secret.]
No Contest II (1997)	[It's top secret.]
Beverly Hills Ninja (1997)	[It's top secret.]
Money Talks (1997)	[It's top secret.]
Mr. Nice Guy (Yat goh ho yan) (1997)	[It's top secret.]
Airbag (1997)	[It's top secret.]
The Kid (1997)	[It's top secret.]
Speed 2: Cruise Control (1997)	[It's top secret.]
Pocket Ninjas (1997)	[It's top secret.]
Best Men (1997)	[It's top secret.]
Knockin' on Heaven's Door (1997)	[It's top secret.]
Postman Blues (1997)	[It's top secret.]
Sztos (1997)	[It's top secret.]
Aflatoon (1997)	[It's top secret.]
Peacemaker, The (1997)	[It's top secret.]
The IRA Informant (1997)	[It's top secret.]
Ratchagan (1997)	[It's top secret.]
Dobermann (1997)	[It's top secret.]
Too Many Ways to Be No. 1 (1997)	[It's top secret.]
Sara (1997)	[It's top secret.]
Dance with the Devil (Perdita Durango) (1997)	[It's top secret.]
Todd McFarlane's Spawn (1997)	[It's top secret.]
Gattaca (1997)	[It's top secret.]
Invasion (1997)	[It's top secret.]
I Married A Strange Person! (1997)	[It's top secret.]
Judge and Jury (1997)	[It's top secret.]
Gestalt (1997)	[It's top secret.]
Slayers Great (1997)	[It's top secret.]
Truth or Consequences, N.M. (1997)	[It's top secret.]
Ishq (1997)	[It's top secret.]
Tenchi the Movie 2: The Daughter of Darkness (1997)	[It's top secret.]
Menno's Mind (1997)	[It's top secret.]
Retroactive (1997)	[It's top secret.]
Borrowers, The (1997)	[It's top secret.]
Open Your Eyes (Abre los ojos) (1997)	[It's top secret.]
The Love Bug (1997)	[It's top secret.]
No Budget Story (1997)	[It's top secret.]
Little Ghost (1997)	[It's top secret.]
Paws (1997)	[It's top secret.]
Pardes (1997)	[It's top secret.]
Trucks (1997)	[It's top secret.]
Conceiving Ada (1997)	[It's top secret.]
Contact (1997)	[It's top secret.]
Jungle Emperor Leo (1997)	[It's top secret.]
Pippi Longstocking (1997)	[It's top secret.]
Edge, The (1997)	[It's top secret.]
Guru (1997)	[It's top secret.]
On Guard (Bossu, Le) (1997)	[It's top secret.]
2103: The Deadly Wake (1997)	[It's top secret.]
Sticky Fingers of Time, The (1997)	[It's top secret.]
Velocity Trap (1997)	[It's top secret.]
Zone 39 (1997)	[It's top secret.]
Parasite Eve (1997)	[It's top secret.]
Buddy (1997)	[It's top secret.]
Eye of the Eagle (1997)	[It's top secret.]
Free Willy 3: The Rescue (1997)	[It's top secret.]
True Heart (1997)	[It's top secret.]
Prince Valiant (1997)	[It's top secret.]
Leprechaun 4: In Space (1997)	[It's top secret.]
The Land Before Time V: The Mysterious Island (1997)	[It's top secret.]
Troops (1997)	[It's top secret.]
Norville and Trudy (1997)	[It's top secret.]
Detective Conan: Skyscraper on a Timer (1997)	[It's top secret.]
Anastasia (1997)	[It's top secret.]
Poor Sasha (1997)	[It's top secret.]
The Paper Brigade (1997)	[It's top secret.]
Don't Play the Fool... (1997)	[It's top secret.]
Ivanhoe (1997)	[It's top secret.]
Event Horizon (1997)	[It's top secret.]
Mimic (1997)	[It's top secret.]
The Shadow Men (1997)	[It's top secret.]
Thrill Ride: The Science of Fun (1997)	[It's top secret.]
RocketMan (a.k.a. Rocket Man) (1997)	[It's top secret.]
Second Jungle Book: Mowgli & Baloo, The (1997)	[It's top secret.]
Wild America (1997)	[It's top secret.]
A Humble Life (1997)	[It's top secret.]
Hercules (1997)	[It's top secret.]
Seven Years in Tibet (1997)	[It's top secret.]
Cube (1997)	[It's top secret.]
Invader (1997)	[It's top secret.]
Excess Baggage (1997)	[It's top secret.]
Bleeders (1997)	[It's top secret.]
Breeders (1997)	[It's top secret.]
Habitat (1997)	[It's top secret.]
Ravager (1997)	[It's top secret.]
Suicide Kings (1997)	[It's top secret.]
FairyTale: A True Story (1997)	[It's top secret.]
Soul Music (1997)	[It's top secret.]
Robinson in Space (1997)	[It's top secret.]
Swan Princess: Escape from Castle Mountain, The (1997)	[It's top secret.]
A Gun for Jennifer (1997)	[It's top secret.]
American Perfekt (1997)	[It's top secret.]
Cold Around the Heart (1997)	[It's top secret.]
Deceiver (1997)	[It's top secret.]
Face (1997)	[It's top secret.]
Jackie Brown (1997)	[It's top secret.]
Kiss or Kill (1997)	[It's top secret.]
Painted Lady (1997)	[It's top secret.]
Playing God (1997)	[It's top secret.]
The Maker (1997)	[It's top secret.]
Cenizas del Paraiso (1997)	[It's top secret.]
Kiss the Girls (1997)	[It's top secret.]
Murder at 1600 (1997)	[It's top secret.]
Spanish Prisoner, The (1997)	[It's top secret.]
187 (One Eight Seven) (1997)	[It's top secret.]
Annie's Garden (1997)	[It's top secret.]
Bad Day on the Block (1997)	[It's top secret.]
Below Utopia (1997)	[It's top secret.]
Blackrock (1997)	[It's top secret.]
Boxer, The (1997)	[It's top secret.]
Casualties (1997)	[It's top secret.]
End of Violence, The (1997)	[It's top secret.]
Onibi: The Fire Within (1997)	[It's top secret.]
Poison Ivy: New Seduction (1997)	[It's top secret.]
Smilla's Sense of Snow (1997)	[It's top secret.]
Tic Tac (1997)	[It's top secret.]
Flubber (1997)	[It's top secret.]
Invisible Mom (1997)	[It's top secret.]
Whiskers (1997)	[It's top secret.]
Obsession (1997)	[It's top secret.]
Conspiracy Theory (1997)	[It's top secret.]
Touch (1997)	[It's top secret.]
Game, The (1997)	[It's top secret.]
Ice House, The (1997)	[It's top secret.]
Insomnia (1997)	[It's top secret.]
The Devil's Advocate (1997)	[It's top secret.]
Mermaid (1997)	[It's top secret.]
Wyrd Sisters (1997)	[It's top secret.]
Man Who Knew Too Little, The (1997)	[It's top secret.]
Pronto (1997)	[It's top secret.]
Swindle, The (Rien ne va plus) (1997)	[It's top secret.]
Hostile Waters (1997)	[It's top secret.]
Lost Highway (1997)	[It's top secret.]
Tower of Terror (1997)	[It's top secret.]
All My Lenins (1997)	[It's top secret.]
Junk Mail (Budbringeren) (1997)	[It's top secret.]
Wrong Guy, The (1997)	[It's top secret.]
Didier (1997)	[It's top secret.]
Witch Way Love (Un amour de sorcière) (1997)	[It's top secret.]
Funny Games (1997)	[It's top secret.]
Intensity (1997)	[It's top secret.]
The Shining (1997)	[It's top secret.]
The Brave Little Toaster to the Rescue (1997)	[It's top secret.]
Perfect Blue (1997)	[It's top secret.]
The Dog of Flanders (1997)	[It's top secret.]
Ruffiano and Sweeteeth (1997)	[It's top secret.]
Simple Wish, A (1997)	[It's top secret.]
I Went Down (1997)	[It's top secret.]
The Curse of Inferno (1997)	[It's top secret.]
Tinseltown (1997)	[It's top secret.]
American Werewolf in Paris, An (1997)	[It's top secret.]
Scream 2 (1997)	[It's top secret.]
Adam & Eva (1997)	[It's top secret.]
As Good as It Gets (1997)	[It's top secret.]
Chasing Amy (1997)	[It's top secret.]
Dil To Pagal Hai (1997)	[It's top secret.]
Fools Rush In (1997)	[It's top secret.]
For Roseanna (Roseanna's Grave) (1997)	[It's top secret.]
Lovelife (1997)	[It's top secret.]
My Son the Fanatic (1997)	[It's top secret.]
Oliver Twist (1997)	[It's top secret.]
Sweethearts (1997)	[It's top secret.]
Thank God He Met Lizzie (1997)	[It's top secret.]
The Banned Woman (1997)	[It's top secret.]
Life Is Beautiful (La Vita è bella) (1997)	[It's top secret.]
12 Storeys (Shier lou) (1997)	[It's top secret.]
24 7: Twenty Four Seven (1997)	[It's top secret.]
A Royal Scandal (1997)	[It's top secret.]
All For The Best (1997)	[It's top secret.]
Breast Men (1997)	[It's top secret.]
Butcher Boy, The (1997)	[It's top secret.]
Changing Habits (1997)	[It's top secret.]
Chicago Cab (1997)	[It's top secret.]
Children of Heaven, The (Bacheha-Ye Aseman) (1997)	[It's top secret.]
Crazy Stranger, The (Gadjo Dilo) (1997)	[It's top secret.]
Critical Care (1997)	[It's top secret.]
Deconstructing Harry (1997)	[It's top secret.]
Elvis Meets Nixon (1997)	[It's top secret.]
Friend of the Deceased, A (Priyatel pokonika) (1997)	[It's top secret.]
Full Monty, The (1997)	[It's top secret.]
Going All the Way (1997)	[It's top secret.]
Hardboiled Egg (Ovosodo) (1997)	[It's top secret.]
Henry Fool (1997)	[It's top secret.]
Highball (1997)	[It's top secret.]
House of Yes, The (1997)	[It's top secret.]
In the Company of Men (1997)	[It's top secret.]
Julian Po (1997)	[It's top secret.]
Kicked in the Head (1997)	[It's top secret.]
Lay of the Land, The (1997)	[It's top secret.]
Love and Death on Long Island (1997)	[It's top secret.]
Men Cry Bullets (1997)	[It's top secret.]
Metroland (1997)	[It's top secret.]
My Life in Pink (Ma vie en rose) (1997)	[It's top secret.]
Myth of Fingerprints, The (1997)	[It's top secret.]
Nowhere (1997)	[It's top secret.]
Orphans (1997)	[It's top secret.]
Preaching to the Perverted (1997)	[It's top secret.]
Private Parts (1997)	[It's top secret.]
Second Civil War, The (1997)	[It's top secret.]
Slaves to the Underground (1997)	[It's top secret.]
SubUrbia (1997)	[It's top secret.]
Two Girls and a Guy (1997)	[It's top secret.]
Weapons of Mass Distraction (1997)	[It's top secret.]
City of Industry (1997)	[It's top secret.]
Incognito (1997)	[It's top secret.]
Macon County Jail (1997)	[It's top secret.]
Red Corner (1997)	[It's top secret.]
Running Time (1997)	[It's top secret.]
Switchback (1997)	[It's top secret.]
Executive Power (1997)	[It's top secret.]
Legal Deceit (1997)	[It's top secret.]
Office Killer (1997)	[It's top secret.]
See the Sea (1997)	[It's top secret.]
Shadow Conspiracy (1997)	[It's top secret.]
Stranger in the House (1997)	[It's top secret.]
Suspicious Minds (1997)	[It's top secret.]
Solomon (1997)	[It's top secret.]
Twilight of the Ice Nymphs (1997)	[It's top secret.]
Angels in the Endzone (1997)	[It's top secret.]
Annamayya (1997)	[It's top secret.]
Flash (1997)	[It's top secret.]
In His Father's Shoes (1997)	[It's top secret.]
Shiloh (1997)	[It's top secret.]
The Little Princess (1997)	[It's top secret.]
Dibu: La Película (1997)	[It's top secret.]
Eternal Family (1997)	[It's top secret.]
Kleines Arschloch - Der Film (1997)	[It's top secret.]
Lily and Jim (1997)	[It's top secret.]
Old Lady and the Pigeons, The (La vieille dame et les pigeons) (1997)	[It's top secret.]
Toxic Crusaders: The Movie (1997)	[It's top secret.]
Life Less Ordinary, A (1997)	[It's top secret.]
The Hyena (1997)	[It's top secret.]
Cinderella (1997)	[It's top secret.]
Absolute Power (1997)	[It's top secret.]
Made in Hong Kong (Xiang Gang zhi zao) (1997)	[It's top secret.]
Annabelle's Wish (1997)	[It's top secret.]
Babes in Toyland (1997)	[It's top secret.]
Geri's Game (1997)	[It's top secret.]
VeggieTales: Josh and the Big Wall (1997)	[It's top secret.]
VeggieTales: Very Silly Songs (1997)	[It's top secret.]
Cure (1997)	[It's top secret.]
Destiny (Al-massir) (1997)	[It's top secret.]
Midnight in the Garden of Good and Evil (1997)	[It's top secret.]
U Turn (1997)	[It's top secret.]
That Darn Cat (1997)	[It's top secret.]
12 Angry Men (1997)	[It's top secret.]
Assassin(s) (1997)	[It's top secret.]
Brother (Brat) (1997)	[It's top secret.]
Cholera Street (1997)	[It's top secret.]
Do Me a Favor (1997)	[It's top secret.]
Donnie Brasco (1997)	[It's top secret.]
Fireworks (Hana-bi) (1997)	[It's top secret.]
Genealogies of a Crime (Généalogies d'un crime) (1997)	[It's top secret.]
Rainy Dog (Gokudô kuroshakai) (1997)	[It's top secret.]
True Love and Chaos (1997)	[It's top secret.]
Wild Animals (Yasaeng dongmul bohoguyeog) (1997)	[It's top secret.]
L.A. Confidential (1997)	[It's top secret.]
Air Bud (1997)	[It's top secret.]
Casper: A Spirited Beginning (1997)	[It's top secret.]
George of the Jungle (1997)	[It's top secret.]
Good Burger (1997)	[It's top secret.]
Home Alone 3 (1997)	[It's top secret.]
Jungle2Jungle (a.k.a. Jungle 2 Jungle) (1997)	[It's top secret.]
Mouse Hunt (1997)	[It's top secret.]
O Noviço Rebelde (1997)	[It's top secret.]
Toothless (1997)	[It's top secret.]
I Know What You Did Last Summer (1997)	[It's top secret.]
Same Old Song (On connaît la chanson) (1997)	[It's top secret.]
Grosse Pointe Blank (1997)	[It's top secret.]
'Til There Was You (1997)	[It's top secret.]
Afterglow (1997)	[It's top secret.]
American Bet (1997)	[It's top secret.]
Anna Karenina (1997)	[It's top secret.]
Barbara (1997)	[It's top secret.]
Bliss (1997)	[It's top secret.]
Chinese Box (1997)	[It's top secret.]
David Searching (1997)	[It's top secret.]
Destiny (1997)	[It's top secret.]
Downfall (1997)	[It's top secret.]
Déjà Vu (1997)	[It's top secret.]
Eel, The (Unagi) (1997)	[It's top secret.]
First Love, Last Rites (1997)	[It's top secret.]
Good Will Hunting (1997)	[It's top secret.]
Hanging Garden, The (1997)	[It's top secret.]
Happy Together (a.k.a. Buenos Aires Affair) (Chun gwong cha sit) (1997)	[It's top secret.]
Hikers (1997)	[It's top secret.]
Inventing the Abbotts (1997)	[It's top secret.]
Jane Eyre (1997)	[It's top secret.]
Leather Jacket Love Story (1997)	[It's top secret.]
Live Flesh (Carne trémula) (1997)	[It's top secret.]
Lolita (1997)	[It's top secret.]
Love! Valour! Compassion! (1997)	[It's top secret.]
Mrs. Brown (a.k.a. Her Majesty, Mrs. Brown) (1997)	[It's top secret.]
Mrs. Dalloway (1997)	[It's top secret.]
Oscar and Lucinda (a.k.a. Oscar & Lucinda) (1997)	[It's top secret.]
Post Coitum (1997)	[It's top secret.]
Seventh Heaven (Septième ciel, Le) (1997)	[It's top secret.]
She's So Lovely (1997)	[It's top secret.]
Steam: The Turkish Bath (Hamam) (1997)	[It's top secret.]
Sunday (1997)	[It's top secret.]
Swept from the Sea (1997)	[It's top secret.]
Temptation (Tentação) (1997)	[It's top secret.]
The Bachelor (1997)	[It's top secret.]
The Inheritance (1997)	[It's top secret.]
The Member of the Wedding (1997)	[It's top secret.]
The Only Thrill (1997)	[It's top secret.]
The Serpent's Kiss (1997)	[It's top secret.]
The Soong Sisters (1997)	[It's top secret.]
Titanic (1997)	[It's top secret.]
Wings of the Dove, The (1997)	[It's top secret.]
Gaston's War (1997)	[It's top secret.]
Dead Innocent (1997)	[It's top secret.]
Nightwatch (1997)	[It's top secret.]
Relic, The (1997)	[It's top secret.]
The Wax Mask (1997)	[It's top secret.]
Ugly, The (1997)	[It's top secret.]
...First Do No Harm (1997)	[It's top secret.]
A Call to Remember (1997)	[It's top secret.]
A Thousand Men and a Baby (1997)	[It's top secret.]
Affliction (1997)	[It's top secret.]
All Over Me (1997)	[It's top secret.]
An Obsession (1997)	[It's top secret.]
Apostle, The (1997)	[It's top secret.]
Arrow, The (1997)	[It's top secret.]
Artemisia (1997)	[It's top secret.]
Baile Perfumado (1997)	[It's top secret.]
Bandits (1997)	[It's top secret.]
Better Place, A (1997)	[It's top secret.]
Blackout, The (1997)	[It's top secret.]
Boogie Nights (1997)	[It's top secret.]
Boys Life 2 (1997)	[It's top secret.]
Brave, The (1997)	[It's top secret.]
Brother's Kiss, A (1997)	[It's top secret.]
Buud Yam (1997)	[It's top secret.]
Career Girls (1997)	[It's top secret.]
Character (Karakter) (1997)	[It's top secret.]
Dancehall Queen (1997)	[It's top secret.]
Dangerous Ground (1997)	[It's top secret.]
Day and Night (Le jour et la nuit) (1997)	[It's top secret.]
Defying Gravity (1997)	[It's top secret.]
Designated Mourner, The (1997)	[It's top secret.]
Ditchdigger's Daughters, The (1997)	[It's top secret.]
Don King: Only in America (1997)	[It's top secret.]
Dream With the Fishes (1997)	[It's top secret.]
Dry Cleaning (Nettoyage à sec) (1997)	[It's top secret.]
Dying to Belong (1997)	[It's top secret.]
East Palace West Palace (Dong gong xi gong) (1997)	[It's top secret.]
Eden (1997)	[It's top secret.]
Education of Little Tree, The (1997)	[It's top secret.]
Elisa Before the End of the World (1997)	[It's top secret.]
Eve's Bayou (1997)	[It's top secret.]
Eye of God (1997)	[It's top secret.]
Firelight (1997)	[It's top secret.]
First Time Felon (1997)	[It's top secret.]
Floating (1997)	[It's top secret.]
Four Days in September (O Que É Isso, Companheiro?) (1997)	[It's top secret.]
Freakin' Beautiful World (Sairaan kaunis maailma) (1997)	[It's top secret.]
Gambler, The (Játékos, A) (1997)	[It's top secret.]
Gasman (1997)	[It's top secret.]
George Wallace (1997)	[It's top secret.]
Green Fish (Chorok mulkogi) (1997)	[It's top secret.]
Grind (1997)	[It's top secret.]
Gummo (1997)	[It's top secret.]
Guy (1997)	[It's top secret.]
Harmonists, The (1997)	[It's top secret.]
Headhunter's Sister, The (1997)	[It's top secret.]
House, The (A Casa) (1997)	[It's top secret.]
Hunchback, The (1997)	[It's top secret.]
Hurricane Streets (1997)	[It's top secret.]
Ice Storm, The (1997)	[It's top secret.]
Ill Gotten Gains (1997)	[It's top secret.]
In the Gloaming (1997)	[It's top secret.]
In the Presence of a Clown (1997)	[It's top secret.]
Innocence (1997)	[It's top secret.]
Joyride (1997)	[It's top secret.]
Kitchen Party (1997)	[It's top secret.]
Kundun (1997)	[It's top secret.]
Lawn Dogs (1997)	[It's top secret.]
Life of Jesus, The (La vie de Jésus) (1997)	[It's top secret.]
Little Boy Blue (1997)	[It's top secret.]
Locusts, The (1997)	[It's top secret.]
Macbeth (1997)	[It's top secret.]
Mandela and de Klerk (1997)	[It's top secret.]
Mandragora (1997)	[It's top secret.]
Marie from the Bay of Angels (Marie Baie Des Anges) (1997)	[It's top secret.]
Martín (Hache) (1997)	[It's top secret.]
Men with Guns (1997)	[It's top secret.]
Mirror, The (Ayneh) (1997)	[It's top secret.]
Miss Evers' Boys (1997)	[It's top secret.]
Moonlight Serenade (1997)	[It's top secret.]
Mother and Son (Mat i syn) (1997)	[It's top secret.]
Nevada (1997)	[It's top secret.]
Never Ever (1997)	[It's top secret.]
Next Step, The (1997)	[It's top secret.]
Niagara, Niagara (1997)	[It's top secret.]
Nil By Mouth (1997)	[It's top secret.]
No Child of Mine (1997)	[It's top secret.]
Number One Fan (1997)	[It's top secret.]
One Night Stand (1997)	[It's top secret.]
Ossos (1997)	[It's top secret.]
Outsider (1997)	[It's top secret.]
Path to Paradise: The Untold Story of the World Trade Center Bombing (1997)	[It's top secret.]
Perfect Body (1997)	[It's top secret.]
Pickpocket (1997)	[It's top secret.]
Prefontaine (1997)	[It's top secret.]
Rainmaker, The (1997)	[It's top secret.]
River, The (He liu) (1997)	[It's top secret.]
Rough Riders (1997)	[It's top secret.]
SUBWAYStories: Tales from the Underground (1997)	[It's top secret.]
Secrets of the Heart (Secretos del Corazón) (1997)	[It's top secret.]
Small Town, The (a.k.a. The Town) (Kasaba) (1997)	[It's top secret.]
Soul Food (1997)	[It's top secret.]
Squeeze (1997)	[It's top secret.]
Star Maps (1997)	[It's top secret.]
Strays (1997)	[It's top secret.]
Sue (1997)	[It's top secret.]
Suzaku (1997)	[It's top secret.]
Sweet Hereafter, The (1997)	[It's top secret.]
Taste of Cherry (Ta'm e guilass) (1997)	[It's top secret.]
Telling Lies in America (1997)	[It's top secret.]
The Boys Club (1997)	[It's top secret.]
The Ex (1997)	[It's top secret.]
The Fire That Burns (1997)	[It's top secret.]
The Last Time I Committed Suicide (1997)	[It's top secret.]
The Man I Love (1997)	[It's top secret.]
The Moth (1997)	[It's top secret.]
The Tenant of Wildfell Hall (1997)	[It's top secret.]
The Thief (1997)	[It's top secret.]
Thousand Acres, A (1997)	[It's top secret.]
Train of Shadows (Tren de sombras) (1997)	[It's top secret.]
Traveller (1997)	[It's top secret.]
Twilight of the Golds, The (1997)	[It's top secret.]
Ulee's Gold (1997)	[It's top secret.]
Under the Lighthouse Dancing (1997)	[It's top secret.]
Under the Skin (1997)	[It's top secret.]
Voyage to the Beginning of the World (Viagem ao Princípio do Mundo) (1997)	[It's top secret.]
Välkommen till festen (1997)	[It's top secret.]
Washington Square (1997)	[It's top secret.]
What the Deaf Man Heard (1997)	[It's top secret.]
Wilde (1997)	[It's top secret.]
Winter Guest, The (1997)	[It's top secret.]
Alaska: Spirit of the Wild (1997)	[It's top secret.]
Mission to Mir (1997)	[It's top secret.]
Vampire Journals (1997)	[It's top secret.]
Amistad (1997)	[It's top secret.]
Castle, The (Das Schloß) (1997)	[It's top secret.]
Under Wraps (1997)	[It's top secret.]
Kiler (1997)	[It's top secret.]
Mama, Ne Goryuy (1997)	[It's top secret.]
Twin Town (1997)	[It's top secret.]
Cats Don't Dance (1997)	[It's top secret.]
Tiny Heroes (Vacak 2 - az erdõ hõse) (1997)	[It's top secret.]
Bent (1997)	[It's top secret.]
Comanche Territory (Territorio comanche) (1997)	[It's top secret.]
In the Presence of Mine Enemies (1997)	[It's top secret.]
Paradise Road (1997)	[It's top secret.]
Perfect Circle, The (Savrseni krug) (1997)	[It's top secret.]
Regeneration (1997)	[It's top secret.]
The Opium War (1997)	[It's top secret.]
Welcome to Sarajevo (1997)	[It's top secret.]
Kingdom II, The (Riget II) (1997)	[It's top secret.]
Choo-choo (1997)	[It's top secret.]
Sex & Violence (1997)	[It's top secret.]
Tale About the Cat and the Moon (1997)	[It's top secret.]
Hoodlum (1997)	[It's top secret.]
This World, Then the Fireworks (1997)	[It's top secret.]
True Women (1997)	[It's top secret.]
Addicted to Love (1997)	[It's top secret.]
Beautician and the Beast, The (1997)	[It's top secret.]
Billy's Hollywood Screen Kiss (1997)	[It's top secret.]
Bongwater (1997)	[It's top secret.]
Booty Call (1997)	[It's top secret.]
Breaking Up (1997)	[It's top secret.]
Chef in Love, A (Shekvarebuli kulinaris ataserti retsepti) (1997)	[It's top secret.]
Fever Pitch (1997)	[It's top secret.]
Looking For Lola (1997)	[It's top secret.]
Love Can Seriously Damage Your Health (1997)	[It's top secret.]
MatchMaker, The (1997)	[It's top secret.]
Mr. Jealousy (1997)	[It's top secret.]
My Best Friend's Wedding (1997)	[It's top secret.]
Picture Perfect (1997)	[It's top secret.]
Shooting Fish (1997)	[It's top secret.]
Smile Like Yours, A (1997)	[It's top secret.]
Still Breathing (1997)	[It's top secret.]
That Old Feeling (1997)	[It's top secret.]
Trial and Error (1997)	[It's top secret.]
Violet's Visit (1997)	[It's top secret.]
Western (1997)	[It's top secret.]
6th Man, The (Sixth Man, The) (1997)	[It's top secret.]
8 Heads in a Duffel Bag (1997)	[It's top secret.]
Akt (1997)	[It's top secret.]
Alan Smithee Film: Burn Hollywood Burn, An (1997)	[It's top secret.]
Alarmist, The (a.k.a. Life During Wartime) (1997)	[It's top secret.]
B*A*P*S (1997)	[It's top secret.]
Balkanisateur (1997)	[It's top secret.]
Ballermann 6 (1997)	[It's top secret.]
Bean (1997)	[It's top secret.]
Bikini Summer III - South Beach Heat (1997)	[It's top secret.]
Boys, Les (1997)	[It's top secret.]
Broadway Damage (1997)	[It's top secret.]
Buttoners (1997)	[It's top secret.]
Castle, The (1997)	[It's top secret.]
Chachi 420 (1997)	[It's top secret.]
Clockwatchers (1997)	[It's top secret.]
Csinibaba (1997)	[It's top secret.]
Démons de Jésus, Les (1997)	[It's top secret.]
Eight Days a Week (1997)	[It's top secret.]
Ernest Goes to Africa (1997)	[It's top secret.]
Everything Must Disappear (1997)	[It's top secret.]
Excuse Me Darling, But Lucas Loved Me (1997)	[It's top secret.]
Farmer & Chase (1997)	[It's top secret.]
Fathers' Day (1997)	[It's top secret.]
Fierce Creatures (1997)	[It's top secret.]
For Richer or Poorer (1997)	[It's top secret.]
Gone Fishin' (1997)	[It's top secret.]
Happy New York (1997)	[It's top secret.]
Hav Plenty (1997)	[It's top secret.]
Hospoda Na mýtince (1997)	[It's top secret.]
How to Be a Player (1997)	[It's top secret.]
I Think I Do (1997)	[It's top secret.]
In & Out (1997)	[It's top secret.]
Just Write (1997)	[It's top secret.]
Keep Cool (1997)	[It's top secret.]
Kiss Me, Guido (1997)	[It's top secret.]
Kummeli Goldrush (Kummeli kultakuume) (1997)	[It's top secret.]
La duquesa roja (1997)	[It's top secret.]
La vérité si je mens ! (1997)	[It's top secret.]
Lawyer Lawyer (1997)	[It's top secret.]
Le Pari (1997)	[It's top secret.]
Leave It to Beaver (1997)	[It's top secret.]
Liar Liar (1997)	[It's top secret.]
Meet Wally Sparks (1997)	[It's top secret.]
Merry War, A (1997)	[It's top secret.]
Mr. Magoo (1997)	[It's top secret.]
Murder in a Parlor Car Compartment (1997)	[It's top secret.]
Orgazmo (1997)	[It's top secret.]
Out to Sea (1997)	[It's top secret.]
Pekko ja unissakävelijä (1997)	[It's top secret.]
Pest, The (1997)	[It's top secret.]
Praxis Dr. Hasenbein (1997)	[It's top secret.]
Pterodactyl Woman from Beverly Hills (1997)	[It's top secret.]
Quatre garçons pleins d'avenir (1997)	[It's top secret.]
Real Blonde, The (1997)	[It's top secret.]
Romy and Michele's High School Reunion (1997)	[It's top secret.]
Rossini (1997)	[It's top secret.]
Six Ways to Sunday (1997)	[It's top secret.]
Spice World (1997)	[It's top secret.]
Sprung (1997)	[It's top secret.]
Sudden Manhattan (1997)	[It's top secret.]
The 120 Days of Bottrop (1997)	[It's top secret.]
The Bride's Journey (1997)	[It's top secret.]
The Undertaker's Wedding (1997)	[It's top secret.]
The Unfish (1997)	[It's top secret.]
The Wonderful Years That Sucked (1997)	[It's top secret.]
Three Men and a Leg (1997)	[It's top secret.]
Too Much Sleep (1997)	[It's top secret.]
Trojan War (1997)	[It's top secret.]
Vegas Vacation (National Lampoon's Las Vegas Vacation) (1997)	[It's top secret.]
Wag the Dog (1997)	[It's top secret.]
Welcome Back, Mr. McDonald (Rajio no jikan) (1997)	[It's top secret.]
Welcome to Woop-Woop (1997)	[It's top secret.]
How the War Started on My Island (1997)	[It's top secret.]
McHale's Navy (1997)	[It's top secret.]
Vääpeli Körmy ja kahtesti laukeava (1997)	[It's top secret.]
The Bloody Olive (1997)	[It's top secret.]
The Westing Game (1997)	[It's top secret.]
Buffalo Soldiers (1997)	[It's top secret.]
Cremaster 5 (1997)	[It's top secret.]
Selena (1997)	[It's top secret.]
David (1997)	[It's top secret.]
Joey (1997)	[It's top secret.]
The Wiggles Movie (1997)	[It's top secret.]
Zeus and Roxanne (1997)	[It's top secret.]
An American Vampire Story (1997)	[It's top secret.]
Brácula (Condemor II) (1997)	[It's top secret.]
The Moonstone (1997)	[It's top secret.]
Big One, The (1997)	[It's top secret.]
Wonderland (1997)	[It's top secret.]
Bella Mafia (1997)	[It's top secret.]
Gang Related (1997)	[It's top secret.]
Gridlock'd (1997)	[It's top secret.]
Keys to Tulsa (1997)	[It's top secret.]
Lucie Aubrac (1997)	[It's top secret.]
Commandments (1997)	[It's top secret.]
Fall (1997)	[It's top secret.]
Hugo Pool (1997)	[It's top secret.]
Love Jones (1997)	[It's top secret.]
Tango Lesson, The (1997)	[It's top secret.]
The Fruit is Swelling (1997)	[It's top secret.]
Level Five (1997)	[It's top secret.]
Gunfighter's Moon  (1997)	[It's top secret.]
Nazis: A Warning from History, The (1997)	[It's top secret.]
Black Circle Boys (1997)	[It's top secret.]
Bloodletting (1997)	[It's top secret.]
Campfire Tales (1997)	[It's top secret.]
Evil Ed (1997)	[It's top secret.]
Ghosts (1997)	[It's top secret.]
Night Flier (1997)	[It's top secret.]
Night of the Demons III (1997)	[It's top secret.]
Premutos - Der gefallene Engel (1997)	[It's top secret.]
Uncle Sam (1997)	[It's top secret.]
Wishmaster (1997)	[It's top secret.]
4 Little Girls (1997)	[It's top secret.]
Aksuat (1997)	[It's top secret.]
All Stars (1997)	[It's top secret.]
Arlette (1997)	[It's top secret.]
Atolladero (1997)	[It's top secret.]
Ayn Rand: A Sense of Life (1997)	[It's top secret.]
Bhai (1997)	[It's top secret.]
Blood Sisters of Lesbian Sin (1997)	[It's top secret.]
Bogart: The Untold Story (1997)	[It's top secret.]
Bugged (1997)	[It's top secret.]
Chile, the Obstinate Memory (1997)	[It's top secret.]
Classic Albums: Paul Simon - Graceland (1997)	[It's top secret.]
Classic Albums: Stevie Wonder - Songs in the Key of Life (1997)	[It's top secret.]
Clubbed to Death (1997)	[It's top secret.]
Comingled Containers (1997)	[It's top secret.]
Cupid (1997)	[It's top secret.]
David Blaine: Street Magic (1997)	[It's top secret.]
Dear Jesse (1997)	[It's top secret.]
Dial H-I-S-T-O-R-Y (1997)	[It's top secret.]
Dreamworlds II: Desire, Sex, Power in Music Video (1997)	[It's top secret.]
East Side Story (1997)	[It's top secret.]
Eastwood on Eastwood (1997)	[It's top secret.]
Every Little Thing (1997)	[It's top secret.]
Fast, Cheap & Out of Control (1997)	[It's top secret.]
Frank Capra's American Dream (1997)	[It's top secret.]
Full Tilt Boogie (1997)	[It's top secret.]
Galgameth (1997)	[It's top secret.]
Green Chimneys (1997)	[It's top secret.]
Gupt: The Hidden Truth (1997)	[It's top secret.]
Hameshaa (1997)	[It's top secret.]
Hideous! (1997)	[It's top secret.]
Histoire(s) du Cinéma: Deadly Beauty (1997)	[It's top secret.]
How They Get There (1997)	[It's top secret.]
Howard Hawks: American Artist (1997)	[It's top secret.]
Il cielo è sempre più blu (1997)	[It's top secret.]
Judwaa (1997)	[It's top secret.]
Koyla (1997)	[It's top secret.]
Kureyon Shin-chan ankoku tamatama daitsuiseki (1997)	[It's top secret.]
Labyrinth of Dreams (1997)	[It's top secret.]
Life Apart: Hasidism in America, A (1997)	[It's top secret.]
Lilla Jönssonligan på styva linan (1997)	[It's top secret.]
Little Dieter Needs to Fly (1997)	[It's top secret.]
Little Girls in Pretty Boxes (1997)	[It's top secret.]
Locked-In Syndrome (1997)	[It's top secret.]
Long Way Home, The (1997)	[It's top secret.]
Magic of Méliès, The (magie Méliès, La) (1997)	[It's top secret.]
Marcello Mastroianni: I Remember Yes, I Remember (Marcello Mastroianni: mi ricordo, sì, io mi ricordo) (1997)	[It's top secret.]
Motel Cactus (1997)	[It's top secret.]
Mr Reliable (1997)	[It's top secret.]
Mr. & Mrs. Khiladi (1997)	[It's top secret.]
Mumia Abu-Jamal: A Case for Reasonable Doubt? (1997)	[It's top secret.]
My Brother's War (1997)	[It's top secret.]
Nattbuss 807 (1997)	[It's top secret.]
Neznaika na lune (1997)	[It's top secret.]
Nitrate Base (1997)	[It's top secret.]
Noiseman Sound Insect (1997)	[It's top secret.]
O Velho - A História de Luiz Carlos Prestes (1997)	[It's top secret.]
Oesje! (1997)	[It's top secret.]
Operation Dalmatian: The Big Adventure (1997)	[It's top secret.]
Plastic Utopia (1997)	[It's top secret.]
Pretty as a Picture: The Art of David Lynch (1997)	[It's top secret.]
Public Housing (1997)	[It's top secret.]
Queen Made In Heaven (1997)	[It's top secret.]
Rhyme & Reason (1997)	[It's top secret.]
Rose Hill (1997)	[It's top secret.]
Rot (1997)	[It's top secret.]
Saltmen of Tibet, The (Salzmänner von Tibet, Die) (1997)	[It's top secret.]
Shooter, The (1997)	[It's top secret.]
Sick: The Life & Death of Bob Flanagan, Supermasochist (1997)	[It's top secret.]
Siivoton Juttu (1997)	[It's top secret.]
Six O'Clock News (1997)	[It's top secret.]
Spicy Love Soup (1997)	[It's top secret.]
Still Life (1997)	[It's top secret.]
Storefront Hitchcock (1997)	[It's top secret.]
Tamas and Juli (1997)	[It's top secret.]
The Bosom Friend (1997)	[It's top secret.]
The Collector (1997)	[It's top secret.]
The Disappearance of Finbar (1997)	[It's top secret.]
The Fearless Four (1997)	[It's top secret.]
The Foetus (1997)	[It's top secret.]
The Interview (1997)	[It's top secret.]
The Journey (1997)	[It's top secret.]
The Littlest Angel (1997)	[It's top secret.]
The Other Also (1997)	[It's top secret.]
The Roe's Room (1997)	[It's top secret.]
The Silver Screen: Color Me Lavender (1997)	[It's top secret.]
Three Stories (1997)	[It's top secret.]
Tigers of the Snow (1997)	[It's top secret.]
Today (1997)	[It's top secret.]
Trekkies (1997)	[It's top secret.]
UFOs: The Best Evidence Ever Caught on Tape (1997)	[It's top secret.]
Unmade Beds (1997)	[It's top secret.]
Virasat (1997)	[It's top secret.]
Virtual Weapon (1997)	[It's top secret.]
Waco: The Rules of Engagement (1997)	[It's top secret.]
White Fang (1997)	[It's top secret.]
Who the Hell Is Juliette? (¿Quién diablos es Juliette?) (1997)	[It's top secret.]
Wild Man Blues (1997)	[It's top secret.]
Woman in Witness Protection (1997)	[It's top secret.]
Year of the Horse (1997)	[It's top secret.]
Yours (1997)	[It's top secret.]
