The Bloom of Yesterday (2017)	[It's top secret.]
Twice Upon a Yesterday (a.k.a. Man with Rain in His Shoes, The) (1998)	[It's top secret.]
Yes Or No (2010)	[It's top secret.]
Yes, But... (Oui, mais...) (2001)	[It's top secret.]
See You Yesterday (2017)	[It's top secret.]
House of Yes, The (1997)	[It's top secret.]
Say Hello to Yesterday (1971)	[It's top secret.]
Yes, God, Yes (2017)	[It's top secret.]
Little House: Look Back to Yesterday (1983)	[It's top secret.]
Born Yesterday (1993)	[It's top secret.]
She Wouldn't Say Yes (1945)	[It's top secret.]
Yes, My Darling Daughter (1939)	[It's top secret.]
Yes, We're Open (2012)	[It's top secret.]
Yesterday (2019)	[It's top secret.]
Yesterday Girl (Abschied von gestern - Anita G.) (1966)	[It's top secret.]
My Tomorrow, Your Yesterday (2016)	[It's top secret.]
Road to Yesterday (2015)	[It's top secret.]
Yes, Giorgio (1982)	[It's top secret.]
See You Yesterday (2019)	[It's top secret.]
Yesterday Was a Lie (2008)	[It's top secret.]
Born Yesterday (1950)	[It's top secret.]
Yes Man (2008)	[It's top secret.]
Yes Nurse! No Nurse! (2002)	[It's top secret.]
Yesterday, Today and Tomorrow (Ieri, oggi, domani) (1963)	[It's top secret.]
Seeds of Yesterday (2015)	[It's top secret.]
She Had to Say Yes (1933)	[It's top secret.]
Yes & Yes (2014)	[It's top secret.]
Yes (2004)	[It's top secret.]
Yesterday (1988)	[It's top secret.]
Yesterday (2004)	[It's top secret.]
The Man from Yesterday (1932)	[It's top secret.]
Yes, Virginia (2009)	[It's top secret.]
Yesterday (2002)	[It's top secret.]
Yesterday's Enemy (1959)	[It's top secret.]
Yes, Madam (a.k.a. Police Assassins) (a.k.a. In the Line of Duty 2) (Huang gu shi jie) (1985)	[It's top secret.]
Yes: 9012 Live (1985)	[It's top secret.]
Kino-pravda no. 13 - Yesterday, Today, Tomorrow. A Film Poem Dedicated to the October Revolution (1922)	[It's top secret.]
Marcello Mastroianni: I Remember Yes, I Remember (Marcello Mastroianni: mi ricordo, sì, io mi ricordo) (1997)	[It's top secret.]
One Day Since Yesterday: Peter Bogdanovich & the Lost American Film (2014)	[It's top secret.]
Yes Men Are Revolting, The (2014)	[It's top secret.]
Yes Men Fix the World, The (2009)	[It's top secret.]
Yes Men, The (2003)	[It's top secret.]
Yessongs (1975)	[It's top secret.]
Chasing Yesterday (1938)	[It's top secret.]
Yes or No 2 (2012)	[It's top secret.]
Yesterday (1985)	[It's top secret.]
