Teheran 43: Spy Ring (a.k.a. Assassination Attempt) (Tegeran-43) (1980)	[It's top secret.]
Bling Ring, The (2013)	[It's top secret.]
Ring of Death (1969)	[It's top secret.]
The Chinese Ring (1947)	[It's top secret.]
Postman Always Rings Twice, The (1946)	[It's top secret.]
Ring of Fire II: Blood and Steel (1993)	[It's top secret.]
Dead Ringer (1964)	[It's top secret.]
The Big Brass Ring (1999)	[It's top secret.]
Ring of Fire (1961)	[It's top secret.]
Ring Finger, The (L'annulaire) (2005)	[It's top secret.]
Ring of Fire (2013)	[It's top secret.]
Ring, The (1927)	[It's top secret.]
Jerry Springer: Ringmaster (1998)	[It's top secret.]
Ring of Bright Water (1969)	[It's top secret.]
The Ring (1952)	[It's top secret.]
Dead Ringers (1988)	[It's top secret.]
Ringu 0: Bâsudei (2000)	[It's top secret.]
Ring Two, The (2005)	[It's top secret.]
Postman Always Rings Twice, The (1981)	[It's top secret.]
The Ringer (1964)	[It's top secret.]
A Pistol For Ringo (1965)	[It's top secret.]
The Return of Ringo (1965)	[It's top secret.]
$100,000 for Ringo (1965)	[It's top secret.]
Closing the Ring (2007)	[It's top secret.]
The Ring (1996)	[It's top secret.]
Curse of the Ring (Ring of the Nibelungs) (2004)	[It's top secret.]
Lord of the Rings: The Return of the King, The (2003)	[It's top secret.]
Let Freedom Ring (1939)	[It's top secret.]
Ringing Bell (1978)	[It's top secret.]
Ring, The (2002)	[It's top secret.]
Ringu (Ring) (1998)	[It's top secret.]
Ring of Darkness (2004)	[It's top secret.]
Rings (2005)	[It's top secret.]
The Ring Virus (1999)	[It's top secret.]
Ring Of The Musketeers (1992)	[It's top secret.]
3 Ring Circus (1954)	[It's top secret.]
Ringer, The (2005)	[It's top secret.]
The Engagement Ring (1991)	[It's top secret.]
The Ring Thing (2004)	[It's top secret.]
The Wedding Ringer (2015)	[It's top secret.]
Two Sons of Ringo (1967)	[It's top secret.]
Why Are the Bells Ringing, Mitica? (a.k.a. Carnival Scenes) (De ce trag clopotele, Mitica?) (1981)	[It's top secret.]
Ring Ring (2019)	[It's top secret.]
A Ring by Spring (2014)	[It's top secret.]
Rings on Her Fingers (1942)	[It's top secret.]
With This Ring (2015)	[It's top secret.]
Bells Are Ringing (1960)	[It's top secret.]
Ringers: Lord of the Fans (2005)	[It's top secret.]
Ring: Kanzenban (1995)	[It's top secret.]
Ringu 2 (Ring 2) (1999)	[It's top secret.]
Tom and Jerry: The Magic Ring (2002)	[It's top secret.]
Ring of Darkness (1979)	[It's top secret.]
Ring of Terror (1962)	[It's top secret.]
Ringo and His Golden Pistol (1966)	[It's top secret.]
Rings (2017)	[It's top secret.]
Rings of Fear (1978)	[It's top secret.]
Sleigh Bells Ring (2016)	[It's top secret.]
Lord of the Rings: The Fellowship of the Ring, The (2001)	[It's top secret.]
Lord of the Rings: The Two Towers, The (2002)	[It's top secret.]
Lord of the Rings, The (1978)	[It's top secret.]
A Ring of Endless Light (2002)	[It's top secret.]
Ring of Fire: The Emile Griffith Story (2005)	[It's top secret.]
Ringo, It's Massacre Time (1970)	[It's top secret.]
TAD: Busted Circuits and Ringing Ears (2008)	[It's top secret.]
The Magic Ring (1982)	[It's top secret.]
The Singing Ringing Tree (1957)	[It's top secret.]
