Somewhere Tonight (2011)	[It's top secret.]
Midnight Dancers (Sibak) (1994)	[It's top secret.]
Take Me Home Tonight (2011)	[It's top secret.]
Tonight You're Mine (2011)	[It's top secret.]
Feast at Midnight, A (1994)	[It's top secret.]
Chimes at Midnight (Campanadas a medianoche) (1965)	[It's top secret.]
Knight and Day (2010)	[It's top secret.]
Knight's Tale, A (2001)	[It's top secret.]
Midnight Run (1988)	[It's top secret.]
Midnight Runners (2017)	[It's top secret.]
The Underdog Knight (2008)	[It's top secret.]
Yaji and Kita: The Midnight Pilgrims (2005)	[It's top secret.]
First Knight (1995)	[It's top secret.]
Midnight Mary (1933)	[It's top secret.]
The Dark Knight (2011)	[It's top secret.]
Allnighter, The (1987)	[It's top secret.]
In Search of a Midnight Kiss (2007)	[It's top secret.]
Midnight (1939)	[It's top secret.]
Overnight (2012)	[It's top secret.]
Overnight Delivery (1998)	[It's top secret.]
1½ Knights - In Search of the Ravishing Princess Herzelinde (2008)	[It's top secret.]
Goodnight, Ladies and Gentlemen (1976)	[It's top secret.]
Hollywood Knights, The (1980)	[It's top secret.]
Midnight Madness (1980)	[It's top secret.]
Say Goodnight (2008)	[It's top secret.]
The Overnight (2015)	[It's top secret.]
Tonight I'll Sleep at Yours (2007)	[It's top secret.]
Tonight We'll Celebrate in the Family (1972)	[It's top secret.]
Trailer Park Boys: Say Goodnight to the Bad Guys (2008)	[It's top secret.]
Two for Tonight (1935)	[It's top secret.]
Shanghai Knights (2003)	[It's top secret.]
From Morn to Midnight (Von morgens bis Mitternacht) (1922)	[It's top secret.]
Midnight (1934)	[It's top secret.]
The Midnight Story (1957)	[It's top secret.]
Dark Knight, The (2008)	[It's top secret.]
Two Arabian Knights (1927)	[It's top secret.]
At the midnight hour (1995)	[It's top secret.]
Before Midnight (2013)	[It's top secret.]
Falling Overnight (2011)	[It's top secret.]
Midnight Sun (2018)	[It's top secret.]
Tonight It's Me (2014)	[It's top secret.]
When Knighthood Was in Flower (1922)	[It's top secret.]
Midnight in Paris (2011)	[It's top secret.]
5ive Days to Midnight (2004)	[It's top secret.]
Arn: The Knight Templar (Arn - Tempelriddaren) (2007)	[It's top secret.]
Knightriders (1981)	[It's top secret.]
Long Kiss Goodnight, The (1996)	[It's top secret.]
Midnight Heat (1996)	[It's top secret.]
Midnight Man (1997)	[It's top secret.]
Five Miles to Midnight (1962)	[It's top secret.]
'night Mother (1986)	[It's top secret.]
A Thousand Times Goodnight (2014)	[It's top secret.]
Goodnight, Mister Tom (1999)	[It's top secret.]
Home Before Midnight (1979)	[It's top secret.]
It Came Upon the Midnight Clear (1984)	[It's top secret.]
Knight of Cups (2015)	[It's top secret.]
Knights of the South Bronx (2005)	[It's top secret.]
Midnight (Primeiro Dia, O) (1998)	[It's top secret.]
Midnight Clear (2006)	[It's top secret.]
Midnight Cowboy (1969)	[It's top secret.]
Midnight Diner (2014)	[It's top secret.]
Midnight Express (1978)	[It's top secret.]
Midnight Sun (2006)	[It's top secret.]
Midnight's Children (2012)	[It's top secret.]
Permanent Midnight (1998)	[It's top secret.]
Stacy's Knights (1982)	[It's top secret.]
The Lion Sleeps Tonight (2018)	[It's top secret.]
The Midnight Girl (1925)	[It's top secret.]
The White Knights (2016)	[It's top secret.]
Tonight We Raid Calais (1943)	[It's top secret.]
Bowery at Midnight (1942)	[It's top secret.]
Other Side of Midnight, The (1977)	[It's top secret.]
Knight Without Armor (1937)	[It's top secret.]
After School Midnighters (Hôkago middonaitâzu) (2012)	[It's top secret.]
Tonight, At the Movies (2018)	[It's top secret.]
Midnight (1982)	[It's top secret.]
The Midnight Hour (1985)	[It's top secret.]
Goodnight, My Love (1972)	[It's top secret.]
The Midnight After (2014)	[It's top secret.]
The Horn Blows at Midnight (1945)	[It's top secret.]
Midnight Son (2011)	[It's top secret.]
Star of Midnight (1935)	[It's top secret.]
Midnight Special (2015)	[It's top secret.]
A Knight in Camelot (1998)	[It's top secret.]
Love Me Tonight (1932)	[It's top secret.]
Black Knight (2001)	[It's top secret.]
Knights of Badassdom (2013)	[It's top secret.]
Suburban Knights (2011)	[It's top secret.]
After Tonight (1933)	[It's top secret.]
Between Midnight and Dawn (Prowl Car) (1950)	[It's top secret.]
Midnight in the Garden of Good and Evil (1997)	[It's top secret.]
Knights of the Round Table (1953)	[It's top secret.]
Knights of the Teutonic Order (1960)	[It's top secret.]
Midnight Blue (1979)	[It's top secret.]
The Sun at Midnight (2016)	[It's top secret.]
Midnight Bayou (2009)	[It's top secret.]
Midnight Stallion (2013)	[It's top secret.]
Thief and the Cobbler, The (a.k.a. Arabian Knight) (1995)	[It's top secret.]
Ghost of Goodnight Lane (2014)	[It's top secret.]
'Round Midnight (1986)	[It's top secret.]
Starry starry night (Xing kong) (2011)	[It's top secret.]
London After Midnight (1927)	[It's top secret.]
London After Midnight (2002)	[It's top secret.]
Song at Midnight (1937)	[It's top secret.]
Heart of Midnight (1988)	[It's top secret.]
Goodnight Mommy (Ich seh ich seh) (2014)	[It's top secret.]
Midnight Clear, A (1992)	[It's top secret.]
Black Midnight (1949)	[It's top secret.]
Overnighters, The (2014)	[It's top secret.]
The Midnight Swim (2014)	[It's top secret.]
Dark Knight Rises, The (2012)	[It's top secret.]
Transformers: The Last Knight (2017)	[It's top secret.]
Knights (1993)	[It's top secret.]
Knight Rider 2000 (1991)	[It's top secret.]
10 to Midnight (1983)	[It's top secret.]
Captain Midnight (1942)	[It's top secret.]
Quest of the Delta Knights (1993)	[It's top secret.]
Last Knights (2015)	[It's top secret.]
The Black Knight (1954)	[It's top secret.]
King Arthur and the Knights of the Round Table (2017)	[It's top secret.]
Knights Of The City (1986)	[It's top secret.]
Underdog Knight 2 (2011)	[It's top secret.]
The Midnight Man (2016)	[It's top secret.]
The Knight of Shadows: Between Yin and Yang (2019)	[It's top secret.]
Midnight Masquerade (2014)	[It's top secret.]
That Midnight Kiss (1949)	[It's top secret.]
A Kiss at Midnight (2008)	[It's top secret.]
Midnight FM (2010)	[It's top secret.]
Minutes to Midnight (2018)	[It's top secret.]
Justin and the Knights of Valour (2013)	[It's top secret.]
Knight-Mare Hare (1955)	[It's top secret.]
Midnight Sun (2014)	[It's top secret.]
Midnighters (2018)	[It's top secret.]
Tonight It's You (2016)	[It's top secret.]
After Midnight (1989)	[It's top secret.]
Midnight Movie (2008)	[It's top secret.]
Minutes Past Midnight (2016)	[It's top secret.]
Past Midnight (1992)	[It's top secret.]
Tales from the Crypt Presents: Demon Knight (1995)	[It's top secret.]
The Clown at Midnight (1999)	[It's top secret.]
Midnight Meat Train, The (2008)	[It's top secret.]
Ittefaq: It happened one night (2017)	[It's top secret.]
Knight Moves (1992)	[It's top secret.]
Midnight Crossing (1988)	[It's top secret.]
Midnight Lace (1960)	[It's top secret.]
Midnight Manhunt (1945)	[It's top secret.]
A Knight for a Day (1946)	[It's top secret.]
Midnight in a Toy Shop (1930)	[It's top secret.]
Tonight and Every Night (1945)	[It's top secret.]
Trenk, the Little Knight (2015)	[It's top secret.]
At Midnight I'll Take Your Soul (À Meia-Noite Levarei Sua Alma) (1964)	[It's top secret.]
Journey to Midnight (1968)	[It's top secret.]
The Midnight Man (2016)	[It's top secret.]
To All a Goodnight (1980)	[It's top secret.]
Tonight She Comes (2016)	[It's top secret.]
Death Walks at Midnight (1972)	[It's top secret.]
After Midnight (2014)	[It's top secret.]
American Dream/American Knightmare (2018)	[It's top secret.]
Between Eleven and Midnight (1949)	[It's top secret.]
House Party: Tonight's the Night (2013)	[It's top secret.]
Knight Rider (2008)	[It's top secret.]
Midnight Movies: From the Margin to the Mainstream (2005)	[It's top secret.]
Midnight Oil: 1984 (2018)	[It's top secret.]
Midnight Ride (1990)	[It's top secret.]
Midnight Shadow (1939)	[It's top secret.]
Midnight Traveler (2019)	[It's top secret.]
Nirvana: Live! Tonight! Sold Out!! (1994)	[It's top secret.]
Overnight (2003)	[It's top secret.]
Street Knight (1993)	[It's top secret.]
The Blue Knight (1973)	[It's top secret.]
The Last White Knight (2012)	[It's top secret.]
The Midnight Game (2013)	[It's top secret.]
The Midnight Man (1974)	[It's top secret.]
The Midnighters	[It's top secret.]
