Shinjuku Underworld: Chinese Mafia War (1995)	[It's top secret.]
Triad Underworld (Gong wu) (Jiang Hu) (2004)	[It's top secret.]
Underworld (1996)	[It's top secret.]
Westworld (1973)	[It's top secret.]
Underworld: Rise of the Lycans (2009)	[It's top secret.]
Dreamworld (2012)	[It's top secret.]
Crossworlds (1997)	[It's top secret.]
Waterworld (1995)	[It's top secret.]
Eyes of the Underworld (1942)	[It's top secret.]
Futureworld (1976)	[It's top secret.]
Underworld Beauty (1958)	[It's top secret.]
Underworld Informers (1963)	[It's top secret.]
Underworld U.S.A. (1961)	[It's top secret.]
Hercules in the Underworld (1994)	[It's top secret.]
Riverworld (2003)	[It's top secret.]
Nightworld (2017)	[It's top secret.]
Finsterworld (2013)	[It's top secret.]
The Underworld Story (1950)	[It's top secret.]
Upperworld (1934)	[It's top secret.]
Anotherworld (2008)	[It's top secret.]
Daemonium: Soldier of the Underworld (2015)	[It's top secret.]
Underworld (1927)	[It's top secret.]
Riverworld (2010)	[It's top secret.]
Underworld: Blood Wars (2016)	[It's top secret.]
Underworld (2003)	[It's top secret.]
Underworld: Evolution (2006)	[It's top secret.]
Underworld: Endless War (2011)	[It's top secret.]
Underworld: Awakening (2012)	[It's top secret.]
King of the Underworld (1939)	[It's top secret.]
Mindhack: #savetheworld (2017)	[It's top secret.]
Hellraiser: Hellworld (2005)	[It's top secret.]
Netherworld (1992)	[It's top secret.]
Zombieworld (2015)	[It's top secret.]
Dreamworlds II: Desire, Sex, Power in Music Video (1997)	[It's top secret.]
