Giants and Toys (Kyojin to gangu) (1958)	[It's top secret.]
Toy Soldiers (1984)	[It's top secret.]
The Toy Wife (1938)	[It's top secret.]
Toys in the Attic (1963)	[It's top secret.]
Toy Soldiers (1991)	[It's top secret.]
Babes In Toyland (1987)	[It's top secret.]
Toy Gun (2018)	[It's top secret.]
Dreams of Toyland (1908)	[It's top secret.]
Puppet Master vs. Demonic Toys (Puppet Master 9) (2004)	[It's top secret.]
Toyland (2007)	[It's top secret.]
Toy Story (1995)	[It's top secret.]
Toy Story 2 (1999)	[It's top secret.]
Toy Story Toons: Hawaiian Vacation (2011)	[It's top secret.]
Toy Story Toons: Small Fry (2011)	[It's top secret.]
Toy Story 3 (2010)	[It's top secret.]
Toy, The (1982)	[It's top secret.]
Toy, The (Le jouet) (1976)	[It's top secret.]
Toys (1992)	[It's top secret.]
Toy Story 4 (2019)	[It's top secret.]
Babes in Toyland (1934)	[It's top secret.]
Toy Story Toons: Partysaurus Rex (2012)	[It's top secret.]
Toy Story of Terror (2013)	[It's top secret.]
Toys in the Attic (2009)	[It's top secret.]
The Toybox (2018)	[It's top secret.]
Babes in Toyland (1961)	[It's top secret.]
Toy Reanimator (2002)	[It's top secret.]
Demonic Toys: Personal Demons (2010)	[It's top secret.]
Time Toys (2017)	[It's top secret.]
Silent Night, Deadly Night 5: The Toy Maker (1991)	[It's top secret.]
The Toy Box (1971)	[It's top secret.]
Christmas Toy, The (1986)	[It's top secret.]
Babes in Toyland (1997)	[It's top secret.]
How the Toys Saved Christmas (1996)	[It's top secret.]
Rudolph the Red-Nosed Reindeer & the Island of Misfit Toys (2001)	[It's top secret.]
Toy Story That Time Forgot (2014)	[It's top secret.]
Broken Toys (1935)	[It's top secret.]
Midnight in a Toy Shop (1930)	[It's top secret.]
Soviet Toys (1924)	[It's top secret.]
Sick For Toys (2018)	[It's top secret.]
The Toymaker (2017)	[It's top secret.]
Resurrect Dead: The Mystery of the Toynbee Tiles (2011)	[It's top secret.]
Plastic Galaxy: The Story of Star Wars Toys (2014)	[It's top secret.]
Toy Masters (2014)	[It's top secret.]
Toy Town Hall (1936)	[It's top secret.]
