Beast (2011)	[It's top secret.]
Blind Beast (Môjuu) (1969)	[It's top secret.]
No Beast So Fierce (2016)	[It's top secret.]
School of the Holy Beast (1974)	[It's top secret.]
Female Prisoner Scorpion: Beast Stable (1973)	[It's top secret.]
Beautiful Beast (2013)	[It's top secret.]
Beauty and the Least (2012)	[It's top secret.]
Belle and the Beast (2007)	[It's top secret.]
Feast of All Saints (2001)	[It's top secret.]
Feast of Love (2007)	[It's top secret.]
Sword of the Beast (Kedamono no ken) (1965)	[It's top secret.]
Beast Of Burden (2018)	[It's top secret.]
His Nickname Is Beast (1990)	[It's top secret.]
Babette's Feast (Babettes gæstebud) (1987)	[It's top secret.]
Beast (2018)	[It's top secret.]
Bless the Beasts & Children (1971)	[It's top secret.]
Feast of July (1995)	[It's top secret.]
The Feast of the Goat (2006)	[It's top secret.]
Breast Men (1997)	[It's top secret.]
The Blonde with Bare Breasts (2010)	[It's top secret.]
Beast, The (1996)	[It's top secret.]
The Barbaric Beast of Boggy Creek, Part II (1984)	[It's top secret.]
Sexy Beast (2000)	[It's top secret.]
The Beasts of Marseilles (1957)	[It's top secret.]
Beastly (2011)	[It's top secret.]
The Least of These (2011)	[It's top secret.]
The Beast of the City (1932)	[It's top secret.]
Feast (2014)	[It's top secret.]
Beast, The (La bête) (1975)	[It's top secret.]
Man Facing Southeast (1986)	[It's top secret.]
Beauty and the Beast (1979)	[It's top secret.]
Netherbeast Incorporated (2007)	[It's top secret.]
Feast at Midnight, A (1994)	[It's top secret.]
Beast of War, The (Beast, The) (1988)	[It's top secret.]
Beasts of No Nation (2015)	[It's top secret.]
Beasts of the Southern Wild (2012)	[It's top secret.]
Beauty and the Beast (La belle et la bête) (1946)	[It's top secret.]
Man, Woman and Beast (L'uomo la donna e la bestia) (1977)	[It's top secret.]
Robin Redbreast (1970)	[It's top secret.]
Werewolf: The Beast Among Us (2012)	[It's top secret.]
Nature of the Beast (2007)	[It's top secret.]
Day of the Beast, The (Día de la Bestia, El) (1995)	[It's top secret.]
Feast (2005)	[It's top secret.]
Feast II: Sloppy Seconds (2008)	[It's top secret.]
Blood of the Beasts (Sang des bêtes, Le) (1949)	[It's top secret.]
The Beast (2010)	[It's top secret.]
Haunted World of El Superbeasto, The (2009)	[It's top secret.]
Beautician and the Beast, The (1997)	[It's top secret.]
Deadpool Musical: Beauty and the Beast Gaston Parody (2017)	[It's top secret.]
Nature of the Beast, The (1995)	[It's top secret.]
Bitter Feast (2010)	[It's top secret.]
Inju, The Beast in the Shadow (2008)	[It's top secret.]
Youth of the Beast (Yaju no seishun) (1963)	[It's top secret.]
Beastmaster 2: Through the Portal of Time (1991)	[It's top secret.]
Beast from Haunted Cave (1959)	[It's top secret.]
The Beast Kills in Cold Blood (1971)	[It's top secret.]
Beastmaster, The (1982)	[It's top secret.]
Feast III: The Happy Finish (2009)	[It's top secret.]
Sea Beast (2008)	[It's top secret.]
The Boy and the Beast (2015)	[It's top secret.]
666: The Beast (2007)	[It's top secret.]
Delivery: The Beast Within (2013)	[It's top secret.]
The Beast in Heat (1977)	[It's top secret.]
The Beast Stalker (2008)	[It's top secret.]
Beauty and the Beast (2017)	[It's top secret.]
Beauty and the Beast (1987)	[It's top secret.]
Transformers Prime Beast Hunters: Predacons Rising (2013)	[It's top secret.]
Blood Beast Terror, The (1968)	[It's top secret.]
Beauty and the Beast (1962)	[It's top secret.]
Beast of the Water (2017)	[It's top secret.]
Greg Davies: You Magnificent Beast (2018)	[It's top secret.]
Ivko's Feast (2005)	[It's top secret.]
Lynne Koplitz: Hormonal Beast (2017)	[It's top secret.]
Neptune's Feast (1986)	[It's top secret.]
Hanson and the Beast (2017)	[It's top secret.]
Beast of Blood (1970)	[It's top secret.]
Beauty and the Beast (1991)	[It's top secret.]
The Beasts' Carnival (1985)	[It's top secret.]
Beauty and the Beast (1934)	[It's top secret.]
Kirikou and the Wild Beast (Kirikou et les bêtes sauvages) (2005)	[It's top secret.]
Tinker Bell and the Legend of the NeverBeast (2014)	[It's top secret.]
Beast Must Die, The (1974)	[It's top secret.]
Beast from 20,000 Fathoms, The (1953)	[It's top secret.]
Beast in Space (1980)	[It's top secret.]
Beast with a Million Eyes, The (1955)	[It's top secret.]
Beast of Yucca Flats, The (1961)	[It's top secret.]
Blood Beast from Outer Space (1965)	[It's top secret.]
Night of the Blood Beast (1958)	[It's top secret.]
Nightbeast (1982)	[It's top secret.]
Project: Metalbeast (1995)	[It's top secret.]
Snow Shark: Ancient Snow Beast (2011)	[It's top secret.]
Track of the Moon Beast (1976)	[It's top secret.]
War of the Colossal Beast (1958)	[It's top secret.]
Manbeast! Myth or Monster? (1978)	[It's top secret.]
The Beast of Hollow Mountain (1956)	[It's top secret.]
Fantastic Beasts and Where to Find Them (2016)	[It's top secret.]
American Beast (2014)	[It's top secret.]
Anthropophagus: The Grim Reaper (Antropophagus) (Man Beast) (Savage Island, The) (Zombie's Rage, The) (1980)	[It's top secret.]
Attack of the Beast Creatures (1985)	[It's top secret.]
Beast Within, The (1982)	[It's top secret.]
Beast of the Yellow Night (1971)	[It's top secret.]
Beast with Five Fingers, The (1946)	[It's top secret.]
Blood Feast (1963)	[It's top secret.]
Blood Feast (2016)	[It's top secret.]
Snowbeast (1977)	[It's top secret.]
Winterbeast (1992)	[It's top secret.]
Prehistoric Beast (1985)	[It's top secret.]
Beastie Boys: Sabotage (1994)	[It's top secret.]
Beastie Boys: Video Anthology (2000)	[It's top secret.]
Beasts Of The Bible (2013)	[It's top secret.]
Beauty and the Breast	[It's top secret.]
Classic Albums: Iron Maiden - The Number of the Beast (2001)	[It's top secret.]
Downeast (2012)	[It's top secret.]
Fantastic Beasts and Where to Find Them 2 (2018)	[It's top secret.]
Iron Maiden: Visions of the Beast (2003)	[It's top secret.]
Love the Beast (2009)	[It's top secret.]
Minotaur, the Wild Beast of Crete (1961)	[It's top secret.]
Secret Chronicle: She Beast Market (1974)	[It's top secret.]
Skeleton Key 2: 667 Neighbor of the Beast (2008)	[It's top secret.]
The Least of These (2019)	[It's top secret.]
The Shimmering Beast (1982)	[It's top secret.]
Yeast (2008)	[It's top secret.]
