Protector, The (a.k.a. Warrior King) (Tom yum goong) (2005)	[It's top secret.]
Suicide Kings (1997)	[It's top secret.]
Marvel One-Shot: All Hail the King (2014)	[It's top secret.]
King of Beggars (Mo jong yuen So Hat-Yi) (1992)	[It's top secret.]
Three Kings (1999)	[It's top secret.]
Kingsman: The Secret Service (2015)	[It's top secret.]
King Solomon's Mines (1937)	[It's top secret.]
Kingdom, The (2007)	[It's top secret.]
A Hologram for the King (2015)	[It's top secret.]
Bingo - The King of the Mornings (2017)	[It's top secret.]
King in New York, A (1957)	[It's top secret.]
King of Comedy, The (1983)	[It's top secret.]
King of Peking (2017)	[It's top secret.]
King of the Belgians (2016)	[It's top secret.]
King's Road (2010)	[It's top secret.]
Kings & Queen (Rois et reine) (2004)	[It's top secret.]
Last of the High Kings, The (a.k.a. Summer Fling) (1996)	[It's top secret.]
Madness of King George, The (1994)	[It's top secret.]
The Sun King (2005)	[It's top secret.]
God Save the King (2005)	[It's top secret.]
King of Comedy (Hei kek ji wong) (1999)	[It's top secret.]
Moonrise Kingdom (2012)	[It's top secret.]
King of Kings (2014)	[It's top secret.]
Street Kings (2008)	[It's top secret.]
Street Kings 2: Motor City (2011)	[It's top secret.]
Jurassic World: Fallen Kingdom (2018)	[It's top secret.]
Kingsman: The Golden Circle (2017)	[It's top secret.]
The Drug King (2018)	[It's top secret.]
The King's Case Note (2017)	[It's top secret.]
King Kong (2005)	[It's top secret.]
I Served the King of England (Obsluhoval jsem anglického krále) (2006)	[It's top secret.]
King (2008)	[It's top secret.]
King's Ransom (2005)	[It's top secret.]
King of Hearts (1966)	[It's top secret.]
Fisher King, The (1991)	[It's top secret.]
Indiana Jones and the Kingdom of the Crystal Skull (2008)	[It's top secret.]
King Lear (1987)	[It's top secret.]
Forbidden Kingdom, The (2008)	[It's top secret.]
I'm the King of the Castle (1989)	[It's top secret.]
King and the Clown, The (Wang-ui namja) (2005)	[It's top secret.]
King of the Jungle (2000)	[It's top secret.]
Last King of Scotland, The (2006)	[It's top secret.]
Arn: The Kingdom at Road's End (Arn: Riket vid vägens slut) (2008)	[It's top secret.]
Kings of the Sun (1963)	[It's top secret.]
King of Triads (2010)	[It's top secret.]
The King of the Hill (2008)	[It's top secret.]
King of the Mountain (1981)	[It's top secret.]
Sailor of the King (1953)	[It's top secret.]
Exodus: Gods and Kings (2014)	[It's top secret.]
The Last King (2016)	[It's top secret.]
The Original Latin Kings of Comedy (2002)	[It's top secret.]
To Kill a King (2003)	[It's top secret.]
Bingo Long Traveling All-Stars & Motor Kings, The (1976)	[It's top secret.]
Cabbages and Kings (1978)	[It's top secret.]
Curling King (2011)	[It's top secret.]
Foul King, The (Banchikwang) (2000)	[It's top secret.]
Funeral Kings (2012)	[It's top secret.]
Good King Dagobert (1984)	[It's top secret.]
Hasan Minhaj: Homecoming King (2017)	[It's top secret.]
Jacky in the Kingdom of Women (Jacky au royaume des filles) (2014)	[It's top secret.]
Jim Gaffigan: King Baby (2009)	[It's top secret.]
King Frat (1979)	[It's top secret.]
King Ralph (1991)	[It's top secret.]
King for a Day (1983)	[It's top secret.]
King of California (2007)	[It's top secret.]
King of Germany (2013)	[It's top secret.]
King of Mahjong (2015)	[It's top secret.]
Kingdom Come (2001)	[It's top secret.]
Kingdom of Heaven (2005)	[It's top secret.]
Kingpin (1996)	[It's top secret.]
Kings Go Forth (1958)	[It's top secret.]
Kings of Mykonos, The (2010)	[It's top secret.]
Kings of Summer, The (2013)	[It's top secret.]
Kopy Kings	[It's top secret.]
Poker King (2009)	[It's top secret.]
Slow Jam King (2004)	[It's top secret.]
The Apology King (2013)	[It's top secret.]
The King (1930)	[It's top secret.]
The Kingdom of Diamonds (1980)	[It's top secret.]
The New King of Comedy (2019)	[It's top secret.]
The Polka King (2018)	[It's top secret.]
Toto and the King of Rome (1951)	[It's top secret.]
Kings Point (2012)	[It's top secret.]
Fashion King (2014)	[It's top secret.]
The King and the Chorus Girl (1937)	[It's top secret.]
The River King (2005)	[It's top secret.]
Kings (2017)	[It's top secret.]
Eden of the East the Movie I: The King of Eden (Higashi no Eden Gekijoban) (2009)	[It's top secret.]
King Arthur (2004)	[It's top secret.]
King of New York (1990)	[It's top secret.]
King David (1985)	[It's top secret.]
Outlaw King (2018)	[It's top secret.]
The King's Choice (2016)	[It's top secret.]
Three Kingdoms: Resurrection of the Dragon (Saam gwok dzi gin lung se gap) (2008)	[It's top secret.]
Silver Bullet (Stephen King's Silver Bullet) (1985)	[It's top secret.]
Animal Kingdom (2010)	[It's top secret.]
Joe the King (1999)	[It's top secret.]
King Cobra (2016)	[It's top secret.]
King Solomon's Mines (1985)	[It's top secret.]
King of Escape, The (Le roi de l'évasion) (2009)	[It's top secret.]
King of Marvin Gardens, The (1972)	[It's top secret.]
King of Thieves (2018)	[It's top secret.]
King of the Roaring 20's: The Story of Arnold Rothstein (1961)	[It's top secret.]
The King (2017)	[It's top secret.]
Godzilla: King of the Monsters (2019)	[It's top secret.]
The Scorpion King (2002)	[It's top secret.]
In the Name of the King III (2014)	[It's top secret.]
King Arthur: Legend of the Sword (2017)	[It's top secret.]
Lord of the Rings: The Return of the King, The (2003)	[It's top secret.]
Scooby-Doo! and the Goblin King (2008)	[It's top secret.]
King, Queen, Knave (1972)	[It's top secret.]
King of the Khyber Rifles (1953)	[It's top secret.]
King Solomon's Mines (1950)	[It's top secret.]
Kingsglaive: Final Fantasy XV (2016)	[It's top secret.]
The King and Four Queens (1956)	[It's top secret.]
The Three Kings (2001)	[It's top secret.]
Kid in King Arthur's Court, A (1995)	[It's top secret.]
Animal Kingdom, The (1932)	[It's top secret.]
Anna and the King (1999)	[It's top secret.]
Anna and the King of Siam (1946)	[It's top secret.]
Esther and the King (1960)	[It's top secret.]
King's Rhapsody (1955)	[It's top secret.]
Kingdoms (2018)	[It's top secret.]
Kings Row (1942)	[It's top secret.]
My King (2015)	[It's top secret.]
Unidentified Flying Oddball (a.k.a. Spaceman and King Arthur, The) (a.k.a. Spaceman in King Arthur's Court, A) (1979)	[It's top secret.]
Evil Bong II: King Bong (2009)	[It's top secret.]
King of the Zombies (1941)	[It's top secret.]
The Zombie King (2013)	[It's top secret.]
You Can't Kill Stephen King (2013)	[It's top secret.]
King Creole (1958)	[It's top secret.]
Tad Jones and the Secret of King Midas (2017)	[It's top secret.]
Message from the King (2017)	[It's top secret.]
King Kong (1976)	[It's top secret.]
Campbell's Kingdom (1957)	[It's top secret.]
King Richard And The Crusaders (1954)	[It's top secret.]
Man Who Would Be King, The (1975)	[It's top secret.]
A United Kingdom (2016)	[It's top secret.]
All the King's Men (1949)	[It's top secret.]
All the King's Men (2006)	[It's top secret.]
Chatô, The King of Brazil (2015)	[It's top secret.]
Don King: Only in America (1997)	[It's top secret.]
Girl King, The (2015)	[It's top secret.]
Karen Kingsbury's A Time to Dance (2016)	[It's top secret.]
Keys of the Kingdom, The (1944)	[It's top secret.]
King (1978)	[It's top secret.]
King (2002)	[It's top secret.]
King Charles III (2017)	[It's top secret.]
King Is Alive, The (2000)	[It's top secret.]
King Kelly (2012)	[It's top secret.]
King Lear (1916)	[It's top secret.]
King Lear (1971)	[It's top secret.]
King Lear (1982)	[It's top secret.]
King Lear (1983)	[It's top secret.]
King Lear (2018)	[It's top secret.]
King Lear (Korol Lir) (1971)	[It's top secret.]
King of Burlesque (1936)	[It's top secret.]
King of Kings (1961)	[It's top secret.]
King of Kings, The (1927)	[It's top secret.]
King of Masks, The (Bian Lian) (1996)	[It's top secret.]
King of Ping Pong, The (Ping-pongkingen) (2008)	[It's top secret.]
King of the Children (Hai zi wang) (1987)	[It's top secret.]
King of the Gypsies (1978)	[It's top secret.]
King of the Hill (1993)	[It's top secret.]
King's Faith (2013)	[It's top secret.]
King's Speech, The (2010)	[It's top secret.]
King, The (2005)	[It's top secret.]
Kingdom of Felony (2008)	[It's top secret.]
Kings of South Beach (2007)	[It's top secret.]
Kings of the Road (Im Lauf der Zeit) (1976)	[It's top secret.]
Match King, The (1932)	[It's top secret.]
My Kingdom (2001)	[It's top secret.]
One Nation, One King (2018)	[It's top secret.]
One Night with the King (2006)	[It's top secret.]
RSC Live: King Lear (2016)	[It's top secret.]
The Journey of August King (1995)	[It's top secret.]
The King	[It's top secret.]
The King (2002)	[It's top secret.]
The King and I (2018)	[It's top secret.]
The King of Havana (2015)	[It's top secret.]
The Kingdom of Solomon (2010)	[It's top secret.]
Women Kingdom (1967)	[It's top secret.]
King Solomon's Mines (2004)	[It's top secret.]
The King of the Kongo (1929)	[It's top secret.]
The Pagan King (2018)	[It's top secret.]
Bruce, King of Kung Fu (1980)	[It's top secret.]
Gutter King (2010)	[It's top secret.]
King Arthur and the Knights of the Round Table (2017)	[It's top secret.]
King Arthur: Excalibur Rising (2017)	[It's top secret.]
The King of the Kickboxers (1990)	[It's top secret.]
Once Upon a Time, There Was a King... (1955)	[It's top secret.]
Original Kings of Comedy, The (2000)	[It's top secret.]
King Size (1988)	[It's top secret.]
A Connecticut Yankee in King Arthur's Court (1989)	[It's top secret.]
Rat King (2012)	[It's top secret.]
King Kong Escapes (Kingu Kongu no gyakushû) (1967)	[It's top secret.]
Great King, The (Der große König) (1942)	[It's top secret.]
Henry V (Chronicle History of King Henry the Fift with His Battell Fought at Agincourt in France, The) (1944)	[It's top secret.]
King & Country (1964)	[It's top secret.]
King Rat (1965)	[It's top secret.]
King and I, The (1956)	[It's top secret.]
Farewell to the King (1989)	[It's top secret.]
Kingdom (2019)	[It's top secret.]
In the Name of the King: A Dungeon Siege Tale (2008)	[It's top secret.]
King of the Wild (1931)	[It's top secret.]
Librarian: Return to King Solomon's Mines, The (2006)	[It's top secret.]
The Monkey King 3 (2018)	[It's top secret.]
The Monkey King the Legend Begins	[It's top secret.]
The Scorpion King 3: Battle for Redemption (2012)	[It's top secret.]
The Scorpion King 4: Quest for Power (2015)	[It's top secret.]
The Scorpion King: Book of Souls (2018)	[It's top secret.]
The Scorpion King: Rise of a Warrior (2008)	[It's top secret.]
Wizards of the Lost Kingdom (1985)	[It's top secret.]
A Connecticut Yankee in King Arthur's Court (1949)	[It's top secret.]
Monkey King: Hero Is Back (2015)	[It's top secret.]
Hercules and the Lost Kingdom (1994)	[It's top secret.]
The White King (2016)	[It's top secret.]
Exodus: Tales from the Enchanted Kingdom (2005)	[It's top secret.]
Godzilla vs. King Ghidorah (Gojira vs. Kingu Gidorâ) (1991)	[It's top secret.]
King Kong vs. Godzilla (Kingukongu tai Gojira) (1962)	[It's top secret.]
King of Fighters, The (2010)	[It's top secret.]
Kingdom II, The (Riget II) (1997)	[It's top secret.]
Kingdom, The (Riget) (1994)	[It's top secret.]
Naruto the Movie: Guardians of the Crescent Moon Kingdom (2006)	[It's top secret.]
One Piece: Chopper's Kingdom on the Island of Strange Animals (2002)	[It's top secret.]
King Kong (1933)	[It's top secret.]
King for a Night (1933)	[It's top secret.]
King of Crime (2018)	[It's top secret.]
King of the Underworld (1939)	[It's top secret.]
Graveyard Shift (Stephen King's Graveyard Shift) (1990)	[It's top secret.]
Kings of Kallstadt (2014)	[It's top secret.]
Norm of the North: Keys to the Kingdom (2018)	[It's top secret.]
King of Thorn (King of Thorns) (Ibara no O) (2009)	[It's top secret.]
Death King, The (Der Todesking) (1990)	[It's top secret.]
King of Texas (2002)	[It's top secret.]
Simon, King of the Witches (1971)	[It's top secret.]
The Adventures of Sherlock Holmes and Doctor Watson: King of Blackmailers (1980)	[It's top secret.]
Where Is the Third King? (1966)	[It's top secret.]
The White Haired Witch of Lunar Kingdom (2014)	[It's top secret.]
Wizards of the Lost Kingdom II (1989)	[It's top secret.]
The Kid Who Would Be King (2019)	[It's top secret.]
The Giant King (2012)	[It's top secret.]
Basilisk: The Serpent King (2006)	[It's top secret.]
Godzilla, Mothra, and King Ghidorah: Giant Monsters All-Out Attack (Gojira, Mosura, Kingu Gidorâ: Daikaijû sôkôgeki) (Godzilla, Mothra and King Ghidorah: Giant Monsters All-Out Attack) (2001)	[It's top secret.]
Undersea Kingdom (1936)	[It's top secret.]
Berserk: The Golden Age Arc - The Egg of the King (2012)	[It's top secret.]
The Lion King (2019)	[It's top secret.]
Mambo Kings, The (1992)	[It's top secret.]
The King and Queen of Moonlight Bay (2003)	[It's top secret.]
The Monkey King (2014)	[It's top secret.]
Angelique and the King (1966)	[It's top secret.]
King of the Ants (2003)	[It's top secret.]
K: Missing Kings (2014)	[It's top secret.]
Lion King, The (1994)	[It's top secret.]
The Man Who Would Be Polka King (2009)	[It's top secret.]
King Kong Lives (1986)	[It's top secret.]
If I Were King (1938)	[It's top secret.]
King Jack (2015)	[It's top secret.]
King of the Wind (1990)	[It's top secret.]
Letter for the King, The (Brief voor de koning, De) (2008)	[It's top secret.]
To Be King (Koning van Katoren) (2012)	[It's top secret.]
Valley of the Kings (1954)	[It's top secret.]
The Dark Kingdom (2018)	[It's top secret.]
Davy Crockett, King of the Wild Frontier (1955)	[It's top secret.]
The Ash Lad: In the Hall of the Mountain King (2017)	[It's top secret.]
The Kingdom of Fairies (1903)	[It's top secret.]
Dino King (2012)	[It's top secret.]
The Curse of King Tut's Tomb (2006)	[It's top secret.]
Kingdom of Crooked Mirrors (1963)	[It's top secret.]
Polar Bear King, The (Kvitebjørn Kong Valemon) (1991)	[It's top secret.]
Vovka in the Kingdom of Far Far Away (1965)	[It's top secret.]
The King's Beard (2002)	[It's top secret.]
Godzilla, King of the Monsters! (Kaijû-ô Gojira) (1956)	[It's top secret.]
King Dinosaur (1955)	[It's top secret.]
Kingdom of the Spiders (1977)	[It's top secret.]
Canyon River (Cattle King) (1956)	[It's top secret.]
Cattle King (Cattle King of Wyoming) (1963)	[It's top secret.]
His Name was King (1971)	[It's top secret.]
King of Dollars (1905)	[It's top secret.]
Kingdom Come (2014)	[It's top secret.]
Kingdom Hospital (2004)	[It's top secret.]
My Pal, the King (1932)	[It's top secret.]
The Possession of Michael King (2014)	[It's top secret.]
A Night at the Movies: The Horrors of Stephen King (2011)	[It's top secret.]
King and the Mockingbird, The (Le roi et l'oiseau) (1980)	[It's top secret.]
A Connecticut Yankee in King Arthur's Court (1970)	[It's top secret.]
A Dream of Kings (1969)	[It's top secret.]
B.B. King: The Life of Riley (2012)	[It's top secret.]
Babar: King of the Elephants (1999)	[It's top secret.]
Carole King: Natural Woman (2016)	[It's top secret.]
Citizen King	[It's top secret.]
Congo: White King, Red Rubber, Black Death (2004)	[It's top secret.]
Double King (2017)	[It's top secret.]
Enchanted Kingdom 3D (2014)	[It's top secret.]
Erskineville Kings (1999)	[It's top secret.]
Flex Is Kings (2013)	[It's top secret.]
Gable: The King Remembered (1975)	[It's top secret.]
Gunan, King of the Barbarians (1982)	[It's top secret.]
Haack ...The King of Techno (2004)	[It's top secret.]
I'm King Kong!: The Exploits of Merian C. Cooper (2005) 	[It's top secret.]
Joseph: King of Dreams (2000)	[It's top secret.]
King - Jari Litmanen, The (Kuningas Litmanen) (2012)	[It's top secret.]
King Cohen: The Wild World of Filmmaker Larry Cohen (2017)	[It's top secret.]
King Corn (2007)	[It's top secret.]
King Georges (2015)	[It's top secret.]
King Leopold's Ghost (2006)	[It's top secret.]
King Neptune (1932)	[It's top secret.]
King Uncle (1993)	[It's top secret.]
King and I, The (1999)	[It's top secret.]
King in the Wilderness (2018)	[It's top secret.]
King of Jazz (1930)	[It's top secret.]
King of Kong, The (2007)	[It's top secret.]
King of Texas, The (2008)	[It's top secret.]
King of the Jungle (1933)	[It's top secret.]
King: A Filmed Record... Montgomery to Memphis (1970)	[It's top secret.]
Kingdom of Dreams and Madness, The (2013)	[It's top secret.]
Kingdom of Shadows (2015)	[It's top secret.]
Kingdom of Us (2017)	[It's top secret.]
Kingdom of the Blue Whale (2009)	[It's top secret.]
Kings Ransom (2009)	[It's top secret.]
Kings of Pastry (Les rois de la pâtisserie) (2009)	[It's top secret.]
Line King: The Al Hirschfeld Story, The (1996)	[It's top secret.]
Monkey Kingdom (2015)	[It's top secret.]
My Grandmother Ironed the King's Shirts (1999)	[It's top secret.]
Nat King Cole: Afraid of the Dark (2014)	[It's top secret.]
Old King Cole (1933)	[It's top secret.]
Pablo Escobar: King of Cocaine (1998)	[It's top secret.]
Richard III: The King in the Car Park (2013)	[It's top secret.]
Ronnie Coleman: The King (2018)	[It's top secret.]
Rubble Kings (2015)	[It's top secret.]
Talihina Sky: The Story of Kings of Leon (2011)	[It's top secret.]
The King (2018)	[It's top secret.]
The King of Arcades (2014)	[It's top secret.]
The King of Communism: The Pomp & Pageantry of Nicolae Ceausescu (2002)	[It's top secret.]
The King of Pigs (2011)	[It's top secret.]
The Kingmaker (2019)	[It's top secret.]
The Life and Assassination of the Kingfish (1977)	[It's top secret.]
The Monkey King (1964)	[It's top secret.]
Three heroes and the King of the Sea (2017)	[It's top secret.]
VeggieTales: King George and the Ducky (2000)	[It's top secret.]
WWE: Triple H: Thy Kingdom Come (2013)	[It's top secret.]
We Could Be King (2014)	[It's top secret.]
When We Were Kings (1996)	[It's top secret.]
Without the King (2007)	[It's top secret.]
